<?xml version="1.0" encoding="UTF-8"?>
<Site BuildName="Win32-mingw32-make"
	BuildStamp="20200527-1659-Experimental"
	Name="PHYSX"
	Generator="ctest-3.17.2"
	CompilerName="C:/MinGW/bin/g++.exe"
	CompilerVersion="6.3.0"
	OSName="Windows"
	Hostname="Physx"
	OSRelease=" Professional"
	OSVersion=" (Build 9600)"
	OSPlatform="AMD64"
	Is64Bits="1"
	VendorString="GenuineIntel"
	VendorID="Intel Corporation"
	FamilyID="6"
	ModelID="14"
	ProcessorCacheSize="-1"
	NumberOfLogicalCPU="4"
	NumberOfPhysicalCPU="2"
	TotalVirtualMemory="11061"
	TotalPhysicalMemory="8127"
	LogicalProcessorsPerPhysical="2"
	ProcessorClockFrequency="3695"
	>
	<Testing>
		<StartDateTime>May 27 19:24 K[NON-UTF-8-BYTE-0xF6]z[NON-UTF-8-BYTE-0xE9]p-eur[NON-UTF-8-BYTE-0xF3]pai ny[NON-UTF-8-BYTE-0xE1]ri ido</StartDateTime>
		<StartTestTime>1590600260</StartTestTime>
		<TestList/>
		<EndDateTime>May 27 19:24 K[NON-UTF-8-BYTE-0xF6]z[NON-UTF-8-BYTE-0xE9]p-eur[NON-UTF-8-BYTE-0xF3]pai ny[NON-UTF-8-BYTE-0xE1]ri ido</EndDateTime>
		<EndTestTime>1590600260</EndTestTime>
		<ElapsedMinutes>0</ElapsedMinutes>
	</Testing>
</Site>
